<?xml version="1.0" encoding="UTF-8"?>
<!-- Generated by org.testng.reporters.JUnitReportReporter -->
<testsuite hostname="LAPTOP-RJV4HCQE" failures="0" tests="1" name="Testpkg.rishitest" time="8.822" errors="0" timestamp="2024-03-07T23:48:59 IST" skipped="0">
  <testcase classname="Testpkg.rishitest" name="test" time="8.822"/>
  <system-out/>
</testsuite> <!-- Testpkg.rishitest -->
