<?xml version="1.0" encoding="UTF-8"?>
<!-- Generated by org.testng.reporters.JUnitReportReporter -->
<testsuite hostname="LAPTOP-RJV4HCQE" failures="0" tests="1" name="TestNGpkg.Parameterisation" time="0.007" errors="0" timestamp="2024-02-20T09:52:58 IST" skipped="0">
  <testcase classname="TestNGpkg.Parameterisation" name="parameter" time="0.007"/>
  <system-out/>
</testsuite> <!-- TestNGpkg.Parameterisation -->
