<?xml version="1.0" encoding="UTF-8"?>
<!-- Generated by org.testng.reporters.JUnitReportReporter -->
<testsuite hostname="LAPTOP-RJV4HCQE" failures="0" tests="1" name="TestNGpkg.Parameterfb" time="1.666" errors="0" timestamp="2024-02-20T10:48:53 IST" skipped="0">
  <testcase classname="TestNGpkg.Parameterfb" name="test" time="1.666"/>
  <system-out/>
</testsuite> <!-- TestNGpkg.Parameterfb -->
