<?xml version="1.0" encoding="UTF-8"?>
<!-- Generated by org.testng.reporters.JUnitReportReporter -->
<testsuite hostname="LAPTOP-RJV4HCQE" failures="0" tests="1" name="TestNGpkg.Fileupload" time="8.124" errors="0" timestamp="2024-02-22T23:20:06 IST" skipped="0">
  <testcase classname="TestNGpkg.Fileupload" name="Test" time="8.124"/>
  <system-out/>
</testsuite> <!-- TestNGpkg.Fileupload -->
