<?xml version="1.0" encoding="UTF-8"?>
<!-- Generated by org.testng.reporters.JUnitReportReporter -->
<testsuite hostname="LAPTOP-RJV4HCQE" failures="0" tests="1" name="TestNGpkg.Demogururightclick" time="5.744" errors="0" timestamp="2024-02-22T10:34:01 IST" skipped="0">
  <testcase classname="TestNGpkg.Demogururightclick" name="test" time="5.744"/>
  <system-out/>
</testsuite> <!-- TestNGpkg.Demogururightclick -->
