<?xml version="1.0" encoding="UTF-8"?>
<!-- Generated by org.testng.reporters.JUnitReportReporter -->
<testsuite hostname="LAPTOP-RJV4HCQE" failures="0" tests="1" name="TestNGpkg.Copypaste" time="3.041" errors="0" timestamp="2024-02-21T09:52:09 IST" skipped="0">
  <testcase classname="TestNGpkg.Copypaste" name="Test" time="3.041"/>
  <system-out/>
</testsuite> <!-- TestNGpkg.Copypaste -->
