<?xml version="1.0" encoding="UTF-8"?>
<!-- Generated by org.testng.reporters.JUnitReportReporter -->
<testsuite hostname="LAPTOP-RJV4HCQE" failures="0" tests="1" name="TestNGpkg.data" time="58.120" errors="0" timestamp="2024-02-26T23:17:56 IST" skipped="0">
  <testcase classname="TestNGpkg.data" name="datadriven" time="58.120"/>
  <system-out/>
</testsuite> <!-- TestNGpkg.data -->
