<?xml version="1.0" encoding="UTF-8"?>
<!-- Generated by org.testng.reporters.JUnitReportReporter -->
<testsuite hostname="LAPTOP-RJV4HCQE" failures="0" tests="1" name="TestNGpkg.Windowhandle" time="5.481" errors="0" timestamp="2024-02-27T09:51:47 IST" skipped="0">
  <testcase classname="TestNGpkg.Windowhandle" name="test" time="5.481"/>
  <system-out/>
</testsuite> <!-- TestNGpkg.Windowhandle -->
