<?xml version="1.0" encoding="UTF-8"?>
<!-- Generated by org.testng.reporters.JUnitReportReporter -->
<testsuite hostname="LAPTOP-RJV4HCQE" failures="0" tests="1" name="TestNGpkg.Amazonpkg" time="24.288" errors="0" timestamp="2024-02-28T09:27:39 IST" skipped="0">
  <testcase classname="TestNGpkg.Amazonpkg" name="test" time="24.288"/>
  <system-out/>
</testsuite> <!-- TestNGpkg.Amazonpkg -->
