<?xml version="1.0" encoding="UTF-8"?>
<!-- Generated by org.testng.reporters.JUnitReportReporter -->
<testsuite hostname="LAPTOP-RJV4HCQE" failures="0" tests="1" name="Testpkg.fblogintest" time="0.244" errors="0" timestamp="2024-03-06T10:16:47 IST" skipped="0">
  <testcase classname="Testpkg.fblogintest" name="test" time="0.244"/>
  <system-out/>
</testsuite> <!-- Testpkg.fblogintest -->
