<?xml version="1.0" encoding="UTF-8"?>
<!-- Generated by org.testng.reporters.JUnitReportReporter -->
<testsuite hostname="LAPTOP-RJV4HCQE" failures="0" tests="1" name="TestNGpkg.auto" time="6.934" errors="0" timestamp="2024-02-27T00:04:54 IST" skipped="0">
  <testcase classname="TestNGpkg.auto" name="auto" time="6.934"/>
  <system-out/>
</testsuite> <!-- TestNGpkg.auto -->
