<?xml version="1.0" encoding="UTF-8"?>
<!-- Generated by org.testng.reporters.JUnitReportReporter -->
<testsuite hostname="LAPTOP-RJV4HCQE" failures="0" tests="1" name="TestNGpkg.Scrollby" time="10.177" errors="0" timestamp="2024-02-28T10:28:04 IST" skipped="0">
  <testcase classname="TestNGpkg.Scrollby" name="test" time="10.177"/>
  <system-out/>
</testsuite> <!-- TestNGpkg.Scrollby -->
