<?xml version="1.0" encoding="UTF-8"?>
<!-- Generated by org.testng.reporters.JUnitReportReporter -->
<testsuite hostname="LAPTOP-RJV4HCQE" failures="0" tests="1" name="TestNGpkg.Demoguru" time="7.025" errors="0" timestamp="2024-02-21T11:06:28 IST" skipped="0">
  <testcase classname="TestNGpkg.Demoguru" name="test" time="7.025"/>
  <system-out/>
</testsuite> <!-- TestNGpkg.Demoguru -->
