<?xml version="1.0" encoding="UTF-8"?>
<!-- Generated by org.testng.reporters.JUnitReportReporter -->
<testsuite hostname="LAPTOP-RJV4HCQE" failures="0" tests="1" name="Testpkg.createpagetest" time="3.788" errors="0" timestamp="2024-03-08T10:15:10 IST" skipped="0">
  <testcase classname="Testpkg.createpagetest" name="test" time="3.788"/>
  <system-out/>
</testsuite> <!-- Testpkg.createpagetest -->
