<?xml version="1.0" encoding="UTF-8"?>
<!-- Generated by org.testng.reporters.JUnitReportReporter -->
<testsuite hostname="LAPTOP-RJV4HCQE" failures="0" tests="2" name="TestNGpkg.Crossbrowsertest" time="8.252" errors="0" timestamp="2024-02-20T23:08:59 IST" skipped="0">
  <testcase classname="TestNGpkg.Crossbrowsertest" name="test" time="4.807"/>
  <system-out/>
  <testcase classname="TestNGpkg.Crossbrowsertest" name="test" time="3.445"/>
  <system-out/>
</testsuite> <!-- TestNGpkg.Crossbrowsertest -->
