<?xml version="1.0" encoding="UTF-8"?>
<!-- Generated by org.testng.reporters.JUnitReportReporter -->
<testsuite hostname="LAPTOP-RJV4HCQE" failures="0" tests="1" name="TestNGpkg.Ebay" time="5.399" errors="0" timestamp="2024-02-28T09:56:24 IST" skipped="0">
  <testcase classname="TestNGpkg.Ebay" name="test" time="5.399"/>
  <system-out/>
</testsuite> <!-- TestNGpkg.Ebay -->
