<?xml version="1.0" encoding="UTF-8"?>
<!-- Generated by org.testng.reporters.JUnitReportReporter -->
<testsuite hostname="LAPTOP-RJV4HCQE" failures="0" tests="1" name="TestNGpkg.Robofileuploadmthd" time="2.776" errors="0" timestamp="2024-02-23T10:10:08 IST" skipped="0">
  <testcase classname="TestNGpkg.Robofileuploadmthd" name="test" time="2.776"/>
  <system-out/>
</testsuite> <!-- TestNGpkg.Robofileuploadmthd -->
